
> blog@1.0.0 build C:\project\ifa\apps\blog
> next build

   ▲ Next.js 15.5.3

   Creating an optimized production build ...
 ✓ Compiled successfully in 5.3s
   Linting and checking validity of types ...
   Collecting page data ...
   Generating static pages (0/14) ...
   Generating static pages (3/14) 
   Generating static pages (6/14) 
   Generating static pages (10/14) 
 ✓ Generating static pages (14/14)
   Finalizing page optimization ...
   Collecting build traces ...

Route (app)                                 Size  First Load JS
┌ ○ /                                      131 B         128 kB
├ ○ /_not-found                            144 B         102 kB
├ ƒ /api/blog/posts                        144 B         102 kB
├ ƒ /api/blog/tags                         144 B         102 kB
├ ƒ /api/blog/tags/[tag]                   144 B         102 kB
├ ƒ /api/blog/tags/count                   144 B         102 kB
├ ƒ /api/blog/timeline                     144 B         102 kB
├ ƒ /api/links/ws                          144 B         102 kB
├ ƒ /api/search                            144 B         102 kB
├ ƒ /api/search/blog                       144 B         102 kB
├ ○ /blog                                  131 B         128 kB
├ ƒ /blog/[...slug]                      7.57 kB         349 kB
└ ○ /friends                             6.85 kB         137 kB
+ First Load JS shared by all             101 kB
  ├ chunks/39-fc28f8048450ab1c.js        45.1 kB
  ├ chunks/7d631cee-1d10cf929d362bdc.js  54.2 kB
  └ other shared chunks (total)          2.06 kB


ƒ Middleware                             34.7 kB

○  (Static)   prerendered as static content
ƒ  (Dynamic)  server-rendered on demand

